[27-Aug-2025 11:09:43 Europe/Berlin] 2023-07-01 09:00:00
[27-Aug-2025 11:13:06 Europe/Berlin] 2025-08-27 12:30:00
[27-Aug-2025 11:13:10 Europe/Berlin] 2025-08-27 08:00:00
[27-Aug-2025 11:13:13 Europe/Berlin] 2023-07-05 08:30:00
[27-Aug-2025 11:13:53 Europe/Berlin] 2025-08-27 12:30:00
[27-Aug-2025 11:13:56 Europe/Berlin] 2025-08-27 08:00:00
[27-Aug-2025 11:14:36 Europe/Berlin] 2023-07-01 09:00:00
[27-Aug-2025 11:14:42 Europe/Berlin] 2023-07-01 09:00:00
[27-Aug-2025 11:15:52 Europe/Berlin] 2025-08-27 12:30:00
[27-Aug-2025 11:15:55 Europe/Berlin] 2025-08-27 08:00:00
[27-Aug-2025 11:15:57 Europe/Berlin] 2023-07-05 08:30:00
[27-Aug-2025 11:16:02 Europe/Berlin] api path: patients/search
[27-Aug-2025 11:16:02 Europe/Berlin] name=&phone=1111
[27-Aug-2025 11:16:06 Europe/Berlin] api path: departments/1/doctors
[27-Aug-2025 11:16:08 Europe/Berlin] api path: doctors/2/schedule
[27-Aug-2025 11:16:08 Europe/Berlin] api path: doctors/2/slots
[27-Aug-2025 11:16:10 Europe/Berlin] api path: doctors/1/slots
[27-Aug-2025 11:16:10 Europe/Berlin] api path: doctors/1/schedule
[27-Aug-2025 11:17:16 Europe/Berlin] api path: doctors/1/schedule
[27-Aug-2025 11:17:16 Europe/Berlin] api path: doctors/1/slots
[27-Aug-2025 11:17:38 Europe/Berlin] api path: departments/1/doctors
[27-Aug-2025 11:17:39 Europe/Berlin] api path: doctors/1/slots
[27-Aug-2025 11:17:39 Europe/Berlin] api path: doctors/1/schedule
[27-Aug-2025 11:19:13 Europe/Berlin] api path: departments/1/doctors
[27-Aug-2025 11:19:13 Europe/Berlin] api path: doctors/1/schedule
[27-Aug-2025 11:19:14 Europe/Berlin] api path: doctors/1/slots
[27-Aug-2025 11:19:37 Europe/Berlin] api path: doctors/2/schedule
[27-Aug-2025 11:19:37 Europe/Berlin] api path: doctors/2/slots
[27-Aug-2025 11:19:42 Europe/Berlin] api path: doctors/1/slots
[27-Aug-2025 11:19:42 Europe/Berlin] api path: doctors/1/schedule
[27-Aug-2025 11:20:24 Europe/Berlin] api path: departments/1/doctors
[27-Aug-2025 11:20:25 Europe/Berlin] api path: doctors/1/schedule
[27-Aug-2025 11:20:25 Europe/Berlin] api path: doctors/1/slots
[27-Aug-2025 11:21:01 Europe/Berlin] api path: departments/1/doctors
[27-Aug-2025 11:21:02 Europe/Berlin] api path: doctors/1/slots
[27-Aug-2025 11:21:02 Europe/Berlin] api path: doctors/1/schedule
[27-Aug-2025 11:25:13 Europe/Berlin] api path: patients/search
[27-Aug-2025 11:25:13 Europe/Berlin] name=&phone=11111
[27-Aug-2025 11:25:25 Europe/Berlin] api path: patients/search
[27-Aug-2025 11:25:26 Europe/Berlin] name=&phone=111
[27-Aug-2025 11:25:44 Europe/Berlin] api path: departments/1/doctors
[27-Aug-2025 11:25:45 Europe/Berlin] api path: doctors/1/schedule
[27-Aug-2025 11:25:46 Europe/Berlin] api path: doctors/1/slots
[27-Aug-2025 11:27:04 Europe/Berlin] api path: departments/1/doctors
[27-Aug-2025 11:27:05 Europe/Berlin] api path: doctors/1/schedule
[27-Aug-2025 11:27:05 Europe/Berlin] api path: doctors/1/slots
[27-Aug-2025 11:27:24 Europe/Berlin] api path: departments/1/doctors
[27-Aug-2025 11:27:25 Europe/Berlin] api path: doctors/1/slots
[27-Aug-2025 11:27:25 Europe/Berlin] api path: doctors/1/schedule
[27-Aug-2025 11:27:36 Europe/Berlin] api path: patients/search
[27-Aug-2025 11:27:36 Europe/Berlin] name=&phone=1111
[27-Aug-2025 11:27:39 Europe/Berlin] PHP Warning:  Undefined array key "requested_time" in D:\xampp\htdocs\UDPT\UDPT-2025\client\app\controllers\AppointmentController.php on line 34
[27-Aug-2025 11:27:48 Europe/Berlin] api path: patients/search
[27-Aug-2025 11:27:48 Europe/Berlin] name=&phone=1111
[27-Aug-2025 11:27:51 Europe/Berlin] api path: departments/1/doctors
[27-Aug-2025 11:28:15 Europe/Berlin] api path: doctors/1/schedule
[27-Aug-2025 11:28:15 Europe/Berlin] api path: doctors/1/slots
[27-Aug-2025 11:28:17 Europe/Berlin] api path: doctors/2/schedule
[27-Aug-2025 11:28:17 Europe/Berlin] api path: doctors/2/slots
[27-Aug-2025 11:28:22 Europe/Berlin] PHP Warning:  Undefined array key "requested_time" in D:\xampp\htdocs\UDPT\UDPT-2025\client\app\controllers\AppointmentController.php on line 34
[27-Aug-2025 11:30:01 Europe/Berlin] PHP Warning:  Undefined array key "requested_time" in D:\xampp\htdocs\UDPT\UDPT-2025\client\app\controllers\AppointmentController.php on line 34
[27-Aug-2025 11:30:03 Europe/Berlin] api path: patients/search
[27-Aug-2025 11:30:03 Europe/Berlin] name=&phone=1111
[27-Aug-2025 11:30:05 Europe/Berlin] api path: departments/1/doctors
[27-Aug-2025 11:30:07 Europe/Berlin] api path: doctors/2/schedule
[27-Aug-2025 11:30:07 Europe/Berlin] api path: doctors/2/slots
[27-Aug-2025 11:30:09 Europe/Berlin] PHP Warning:  Undefined array key "requested_time" in D:\xampp\htdocs\UDPT\UDPT-2025\client\app\controllers\AppointmentController.php on line 34
[27-Aug-2025 11:31:22 Europe/Berlin] PHP Warning:  Undefined array key "requested_time" in D:\xampp\htdocs\UDPT\UDPT-2025\client\app\controllers\AppointmentController.php on line 34
[27-Aug-2025 11:31:24 Europe/Berlin] api path: patients/search
[27-Aug-2025 11:31:24 Europe/Berlin] name=Nguyen+Van+A&phone=
[27-Aug-2025 11:31:26 Europe/Berlin] api path: departments/1/doctors
[27-Aug-2025 11:31:28 Europe/Berlin] api path: doctors/1/slots
[27-Aug-2025 11:31:28 Europe/Berlin] api path: doctors/1/schedule
[27-Aug-2025 11:31:29 Europe/Berlin] api path: doctors/2/slots
[27-Aug-2025 11:31:29 Europe/Berlin] api path: doctors/2/schedule
[27-Aug-2025 11:31:31 Europe/Berlin] PHP Warning:  Undefined array key "requested_time" in D:\xampp\htdocs\UDPT\UDPT-2025\client\app\controllers\AppointmentController.php on line 34
[27-Aug-2025 11:32:04 Europe/Berlin] PHP Warning:  Undefined array key "requested_time" in D:\xampp\htdocs\UDPT\UDPT-2025\client\app\controllers\AppointmentController.php on line 34
[27-Aug-2025 11:32:06 Europe/Berlin] api path: patients/search
[27-Aug-2025 11:32:06 Europe/Berlin] name=Nguyen+Van+A&phone=
[27-Aug-2025 11:32:11 Europe/Berlin] api path: departments/1/doctors
[27-Aug-2025 11:32:12 Europe/Berlin] api path: doctors/1/schedule
[27-Aug-2025 11:32:12 Europe/Berlin] api path: doctors/1/slots
[27-Aug-2025 11:32:22 Europe/Berlin] 2025-08-27 12:00:00
[27-Aug-2025 11:33:32 Europe/Berlin] 2025-08-27 08:00:00
[27-Aug-2025 11:33:43 Europe/Berlin] 2025-08-27 08:00:00
[27-Aug-2025 11:33:49 Europe/Berlin] 2025-08-27 12:00:00
[28-Aug-2025 03:38:14 Europe/Berlin] PHP Warning:  require(../app/views/auth/register.php): Failed to open stream: No such file or directory in D:\Ứng dụng phân tán\git_project\UDPT-2025\client\app\controllers\AuthController.php on line 66
[28-Aug-2025 03:38:14 Europe/Berlin] PHP Fatal error:  Uncaught Error: Failed opening required '../app/views/auth/register.php' (include_path='D:\xampp\php\PEAR') in D:\Ứng dụng phân tán\git_project\UDPT-2025\client\app\controllers\AuthController.php:66
Stack trace:
#0 D:\Ứng dụng phân tán\git_project\UDPT-2025\client\public\index.php(75): AuthController->register()
#1 {main}
  thrown in D:\Ứng dụng phân tán\git_project\UDPT-2025\client\app\controllers\AuthController.php on line 66
[28-Aug-2025 03:38:15 Europe/Berlin] PHP Warning:  require(../app/views/auth/register.php): Failed to open stream: No such file or directory in D:\Ứng dụng phân tán\git_project\UDPT-2025\client\app\controllers\AuthController.php on line 66
[28-Aug-2025 03:38:15 Europe/Berlin] PHP Fatal error:  Uncaught Error: Failed opening required '../app/views/auth/register.php' (include_path='D:\xampp\php\PEAR') in D:\Ứng dụng phân tán\git_project\UDPT-2025\client\app\controllers\AuthController.php:66
Stack trace:
#0 D:\Ứng dụng phân tán\git_project\UDPT-2025\client\public\index.php(75): AuthController->register()
#1 {main}
  thrown in D:\Ứng dụng phân tán\git_project\UDPT-2025\client\app\controllers\AuthController.php on line 66
[28-Aug-2025 03:38:16 Europe/Berlin] PHP Warning:  require(../app/views/auth/register.php): Failed to open stream: No such file or directory in D:\Ứng dụng phân tán\git_project\UDPT-2025\client\app\controllers\AuthController.php on line 66
[28-Aug-2025 03:38:16 Europe/Berlin] PHP Fatal error:  Uncaught Error: Failed opening required '../app/views/auth/register.php' (include_path='D:\xampp\php\PEAR') in D:\Ứng dụng phân tán\git_project\UDPT-2025\client\app\controllers\AuthController.php:66
Stack trace:
#0 D:\Ứng dụng phân tán\git_project\UDPT-2025\client\public\index.php(75): AuthController->register()
#1 {main}
  thrown in D:\Ứng dụng phân tán\git_project\UDPT-2025\client\app\controllers\AuthController.php on line 66
[28-Aug-2025 03:38:36 Europe/Berlin] PHP Warning:  require(../app/views/auth/register.php): Failed to open stream: No such file or directory in D:\Ứng dụng phân tán\git_project\UDPT-2025\client\app\controllers\AuthController.php on line 66
[28-Aug-2025 03:38:36 Europe/Berlin] PHP Fatal error:  Uncaught Error: Failed opening required '../app/views/auth/register.php' (include_path='D:\xampp\php\PEAR') in D:\Ứng dụng phân tán\git_project\UDPT-2025\client\app\controllers\AuthController.php:66
Stack trace:
#0 D:\Ứng dụng phân tán\git_project\UDPT-2025\client\public\index.php(75): AuthController->register()
#1 {main}
  thrown in D:\Ứng dụng phân tán\git_project\UDPT-2025\client\app\controllers\AuthController.php on line 66
[28-Aug-2025 03:38:38 Europe/Berlin] PHP Warning:  require(../app/views/auth/register.php): Failed to open stream: No such file or directory in D:\Ứng dụng phân tán\git_project\UDPT-2025\client\app\controllers\AuthController.php on line 66
[28-Aug-2025 03:38:38 Europe/Berlin] PHP Fatal error:  Uncaught Error: Failed opening required '../app/views/auth/register.php' (include_path='D:\xampp\php\PEAR') in D:\Ứng dụng phân tán\git_project\UDPT-2025\client\app\controllers\AuthController.php:66
Stack trace:
#0 D:\Ứng dụng phân tán\git_project\UDPT-2025\client\public\index.php(75): AuthController->register()
#1 {main}
  thrown in D:\Ứng dụng phân tán\git_project\UDPT-2025\client\app\controllers\AuthController.php on line 66
[28-Aug-2025 05:26:06 Europe/Berlin] PHP Warning:  Array to string conversion in C:\xampp\htdocs\UDPT-2025\client\app\views\error.php on line 7
[28-Aug-2025 05:26:08 Europe/Berlin] Auth Service Error: Failed to connect to service
[28-Aug-2025 05:27:11 Europe/Berlin] Auth Service Error: Failed to connect to service
[28-Aug-2025 05:27:15 Europe/Berlin] Auth Service Error: Failed to connect to service
[28-Aug-2025 05:38:23 Europe/Berlin] PHP Warning:  require(../app/views/auth/register.php): Failed to open stream: No such file or directory in C:\xampp\htdocs\UDPT-2025\client\app\controllers\AuthController.php on line 66
[28-Aug-2025 05:38:23 Europe/Berlin] PHP Fatal error:  Uncaught Error: Failed opening required '../app/views/auth/register.php' (include_path='C:\xampp\php\PEAR') in C:\xampp\htdocs\UDPT-2025\client\app\controllers\AuthController.php:66
Stack trace:
#0 C:\xampp\htdocs\UDPT-2025\client\public\index.php(75): AuthController->register()
#1 {main}
  thrown in C:\xampp\htdocs\UDPT-2025\client\app\controllers\AuthController.php on line 66
